<?xml version="1.0" encoding="UTF-8"?>
<testng-results ignored="0" total="1" passed="1" failed="0" skipped="0">
  <reporter-output>
  </reporter-output>
  <suite started-at="2021-02-15T17:11:51Z" name="Project Name" finished-at="2021-02-15T17:12:00Z" duration-ms="9453">
    <groups>
    </groups>
    <test started-at="2021-02-15T17:11:51Z" name="Amazon Test" finished-at="2021-02-15T17:12:00Z" duration-ms="9453">
      <class name="feb13.TC02_TODATE">
        <test-method is-config="true" signature="openBrowser(java.lang.String)[pri:0, instance:feb13.TC02_TODATE@3eb91815]" started-at="2021-02-15T17:11:51Z" name="openBrowser" finished-at="2021-02-15T17:11:52Z" duration-ms="1684" status="PASS">
          <params>
            <param index="0">
              <value>
                <![CDATA[chrome]]>
              </value>
            </param>
          </params>
          <reporter-output>
          </reporter-output>
        </test-method> <!-- openBrowser -->
        <test-method signature="testCase02()[pri:1, instance:feb13.TC02_TODATE@3eb91815]" started-at="2021-02-15T17:11:52Z" name="testCase02" finished-at="2021-02-15T17:12:00Z" duration-ms="7747" status="PASS">
          <reporter-output>
          </reporter-output>
        </test-method> <!-- testCase02 -->
        <test-method is-config="true" signature="quitBrowser(org.testng.ITestResult)[pri:0, instance:feb13.TC02_TODATE@3eb91815]" started-at="2021-02-15T17:12:00Z" name="quitBrowser" finished-at="2021-02-15T17:12:00Z" duration-ms="0" status="PASS">
          <params>
            <param index="0">
              <value>
                <![CDATA[[TestResult name=testCase02 status=SUCCESS method=TC02_TODATE.testCase02()[pri:1, instance:feb13.TC02_TODATE@3eb91815] output={null}]]]>
              </value>
            </param>
          </params>
          <reporter-output>
          </reporter-output>
        </test-method> <!-- quitBrowser -->
      </class> <!-- feb13.TC02_TODATE -->
    </test> <!-- Amazon Test -->
  </suite> <!-- Project Name -->
</testng-results>
